<?xml version="1.0" encoding="UTF-8"?>
<!-- Generated by org.testng.reporters.JUnitReportReporter -->
<testsuite hostname="DESKTOP-5F7A1C5" failures="0" tests="6" name="Runner.TestRunner$OrangeHrm" time="10.141" errors="6" timestamp="2025-10-28T23:54:14 IST" skipped="0">
  <testcase classname="Runner.TestRunner$OrangeHrm" name="runScenario" time="0.097">
    <error message="org/openqa/selenium/bidi/HasBiDi" type="java.lang.NoClassDefFoundError">
      <![CDATA[java.lang.NoClassDefFoundError: org/openqa/selenium/bidi/HasBiDi
at java.base/java.lang.ClassLoader.defineClass1(Native Method)
at java.base/java.lang.ClassLoader.defineClass(ClassLoader.java:1027)
at java.base/java.security.SecureClassLoader.defineClass(SecureClassLoader.java:150)
at java.base/jdk.internal.loader.BuiltinClassLoader.defineClass(BuiltinClassLoader.java:862)
at java.base/jdk.internal.loader.BuiltinClassLoader.findClassOnClassPathOrNull(BuiltinClassLoader.java:760)
at java.base/jdk.internal.loader.BuiltinClassLoader.loadClassOrNull(BuiltinClassLoader.java:681)
at java.base/jdk.internal.loader.BuiltinClassLoader.loadClass(BuiltinClassLoader.java:639)
at java.base/jdk.internal.loader.ClassLoaders$AppClassLoader.loadClass(ClassLoaders.java:188)
at java.base/java.lang.ClassLoader.loadClass(ClassLoader.java:526)
at java.base/java.lang.ClassLoader.defineClass1(Native Method)
at java.base/java.lang.ClassLoader.defineClass(ClassLoader.java:1027)
at java.base/java.security.SecureClassLoader.defineClass(SecureClassLoader.java:150)
at java.base/jdk.internal.loader.BuiltinClassLoader.defineClass(BuiltinClassLoader.java:862)
at java.base/jdk.internal.loader.BuiltinClassLoader.findClassOnClassPathOrNull(BuiltinClassLoader.java:760)
at java.base/jdk.internal.loader.BuiltinClassLoader.loadClassOrNull(BuiltinClassLoader.java:681)
at java.base/jdk.internal.loader.BuiltinClassLoader.loadClass(BuiltinClassLoader.java:639)
at java.base/jdk.internal.loader.ClassLoaders$AppClassLoader.loadClass(ClassLoaders.java:188)
at java.base/java.lang.ClassLoader.loadClass(ClassLoader.java:526)
at UtilsLayer.DriverManager.setDriver(DriverManager.java:23)
at BaseLayer.BaseTest.setUp(BaseTest.java:13)
at Steps.OrangeHRMSteps.user_is_on_login_page(OrangeHRMSteps.java:26)
at ✽.user is on login page(file:///D:/MyWork/Final_____BDDWebUI_Framework_OHRM/src/test/java/Features/OrangeHRM.feature:4)
Caused by: java.lang.ClassNotFoundException: org.openqa.selenium.bidi.HasBiDi
at java.base/jdk.internal.loader.BuiltinClassLoader.loadClass(BuiltinClassLoader.java:641)
at java.base/jdk.internal.loader.ClassLoaders$AppClassLoader.loadClass(ClassLoaders.java:188)
at java.base/java.lang.ClassLoader.loadClass(ClassLoader.java:526)
... 22 more
]]>
    </error>
  </testcase> <!-- runScenario -->
  <testcase classname="Runner.TestRunner$OrangeHrm" name="runScenario" time="0.004">
    <error message="Cannot invoke &quot;PageLayer.PIMPage.clickOnAddEmp()&quot; because &quot;Steps.OrangeHRMSteps.pim&quot; is null" type="java.lang.NullPointerException">
      <![CDATA[java.lang.NullPointerException: Cannot invoke "PageLayer.PIMPage.clickOnAddEmp()" because "Steps.OrangeHRMSteps.pim" is null
at Steps.OrangeHRMSteps.click_on_add_employee(OrangeHRMSteps.java:46)
at ✽.click on addEmployee(file:///D:/MyWork/Final_____BDDWebUI_Framework_OHRM/src/test/java/Features/OrangeHRM.feature:10)
]]>
    </error>
  </testcase> <!-- runScenario -->
  <testcase classname="Runner.TestRunner$OrangeHrm" name="runScenario" time="0.004">
    <error message="Cannot invoke &quot;PageLayer.PIMPage.clickOnAddEmp()&quot; because &quot;Steps.OrangeHRMSteps.pim&quot; is null" type="java.lang.NullPointerException">
      <![CDATA[java.lang.NullPointerException: Cannot invoke "PageLayer.PIMPage.clickOnAddEmp()" because "Steps.OrangeHRMSteps.pim" is null
at Steps.OrangeHRMSteps.click_on_add_employee(OrangeHRMSteps.java:46)
at ✽.click on addEmployee(file:///D:/MyWork/Final_____BDDWebUI_Framework_OHRM/src/test/java/Features/OrangeHRM.feature:10)
]]>
    </error>
  </testcase> <!-- runScenario -->
  <testcase classname="Runner.TestRunner$OrangeHrm" name="runScenario" time="0.008">
    <error message="Cannot invoke &quot;PageLayer.PIMPage.clickOnAddEmp()&quot; because &quot;Steps.OrangeHRMSteps.pim&quot; is null" type="java.lang.NullPointerException">
      <![CDATA[java.lang.NullPointerException: Cannot invoke "PageLayer.PIMPage.clickOnAddEmp()" because "Steps.OrangeHRMSteps.pim" is null
at Steps.OrangeHRMSteps.click_on_add_employee(OrangeHRMSteps.java:46)
at ✽.click on addEmployee(file:///D:/MyWork/Final_____BDDWebUI_Framework_OHRM/src/test/java/Features/OrangeHRM.feature:10)
]]>
    </error>
  </testcase> <!-- runScenario -->
  <testcase classname="Runner.TestRunner$OrangeHrm" name="tearDownClass" time="10.025">
    <error message="Cannot invoke &quot;org.openqa.selenium.WebDriver.quit()&quot; because &quot;this.driver&quot; is null" type="java.lang.NullPointerException">
      <![CDATA[java.lang.NullPointerException: Cannot invoke "org.openqa.selenium.WebDriver.quit()" because "this.driver" is null
at UtilsLayer.WebdriverUtils.quit(WebdriverUtils.java:58)
at BaseLayer.BaseTest.tearDown(BaseTest.java:26)
at Steps.OrangeHRMSteps.tearDown(OrangeHRMSteps.java:72)
]]>
    </error>
  </testcase> <!-- tearDownClass -->
  <testcase classname="Runner.TestRunner$OrangeHrm" name="runScenario" time="0.003">
    <error message="Cannot invoke &quot;PageLayer.PIMPage.clickOnAddEmp()&quot; because &quot;Steps.OrangeHRMSteps.pim&quot; is null" type="java.lang.NullPointerException">
      <![CDATA[java.lang.NullPointerException: Cannot invoke "PageLayer.PIMPage.clickOnAddEmp()" because "Steps.OrangeHRMSteps.pim" is null
at Steps.OrangeHRMSteps.click_on_add_employee(OrangeHRMSteps.java:46)
at ✽.click on addEmployee(file:///D:/MyWork/Final_____BDDWebUI_Framework_OHRM/src/test/java/Features/OrangeHRM.feature:10)
]]>
    </error>
  </testcase> <!-- runScenario -->
</testsuite> <!-- Runner.TestRunner$OrangeHrm -->
